当前权重: [1.1897607902677867, 1.690088839676225, 1.7173117790692864, 1.69603096018041, 1.2508917566040851, 0.7749195975124729, 0.6020938670235, 0.12285882486171196, 0.5525860262144254, 0.9605535834694865, 1.6262157702632318, 0.9651545730263643, 0.7916417442406514, 1.6737967394393818]
当前优化进度: 1/300
当前权重: [0.6814183592303642, 1.2998620253818827, 0.7428006642826905, 1.9147387663165627, 0.2892980530211639, 1.7414736441332888, 0.9524800100946841, 1.6038123964394924, 1.045750184306898, 1.3609702649367312, 1.4440589829045745, 1.1682193862294634, 1.0793727266035316, 1.5196450924014913]
当前优化进度: 2/300
当前权重: [0.2207561383037064, 0.9524648344998485, 0.3808013632202524, 1.476467172486627, 0.44093520530450014, 0.27908416507684963, 0.6550406055084962, 0.30785298569552955, 0.4524195626206595, 0.7791130724404655, 1.8061709663035157, 0.9054004799233432, 1.2299962811894238, 1.805673680516229]
当前优化进度: 3/300
当前权重: [0.20756789721435806, 1.9399200448160305, 1.3097486712378963, 0.3501100744207299, 0.7227228122693549, 1.5038654210247284, 1.2195830307437812, 0.6568439857266215, 0.08646659868074211, 1.272205375335097, 1.918309044562796, 1.309052730840927, 1.2737671584710923, 1.9906461396789967]
当前优化进度: 4/300
当前权重: [1.1678821555826835, 0.8345934905704742, 0.9546480295539419, 1.250785101252418, 0.6826351535293947, 1.3527571212954514, 0.6412314667178993, 1.5589075092315594, 1.8996463963669772, 1.3284284652305882, 0.03700755486809858, 1.2494637301378724, 1.3505826653632211, 1.9441705549743353]
当前优化进度: 5/300
当前权重: [1.7576050079808825, 1.0241525096726014, 0.12087224046619657, 0.9078068368966472, 0.0497754541634299, 0.8890047332852025, 1.95937759033733, 0.7252944832989499, 0.9669781263639642, 1.3804357537834833, 1.7621470196126654, 1.8372885780606685, 0.44147605387881045, 1.134725844543702]
当前优化进度: 6/300
当前权重: [1.7315540969977166, 1.022848231727359, 1.8342786784987275, 1.843103644372028, 0.1753938603348988, 0.5626599369492546, 0.028619842664499913, 1.686260738538785, 1.2978765389732356, 1.6843583772027357, 0.5368130269240649, 0.8016632979896721, 1.1101147449762674, 0.3382315158813495]
当前优化进度: 7/300
当前权重: [0.7459181045691968, 0.30141910783093345, 1.1435406277873805, 1.4104371857869336, 0.5840681097265722, 0.872243243344268, 1.514652320791432, 0.7982355680924912, 1.7931163911430639, 1.2814529417003129, 1.7841933300790978, 1.3633105832321906, 0.9039034990545606, 1.9573561475572274]
当前优化进度: 8/300
当前权重: [0.24124180012866492, 1.5363771700818667, 0.8295220765400412, 1.3541237715884697, 0.5070945885534065, 0.6333044805724425, 1.9311782788346552, 1.1810455192868115, 1.3227401400181318, 1.0710804452941303, 0.46876071677759656, 0.7957898939659562, 1.241429043536801, 0.9549863556637949]
当前优化进度: 9/300
当前权重: [0.9455630566189729, 1.4349883171450002, 0.5831020986829283, 0.7730898278195465, 1.5008479759339224, 1.758119858649324, 0.2146980837999421, 0.19382404002718745, 0.7145528575467824, 1.1081143556751853, 0.07691393606267574, 1.938233912867945, 0.6487845103332601, 0.45031274351572786]
当前优化进度: 10/300
当前权重: [2.0, 0.8470253383547384, 0.26551186731256715, 0.8419782577945999, 0.580731798906477, 1.2527482762232562, 1.8104335481128653, 2.0, 2.0, 0.38399906433800873, 0.37122442815227025, 0.8516423542762351, 1.6744368653709678, 0.01]
当前优化进度: 11/300
当前权重: [2.0, 0.01, 0.01, 0.01, 2.0, 2.0, 0.01, 2.0, 2.0, 0.01, 0.01, 2.0, 0.01, 0.01]
当前优化进度: 12/300
当前权重: [2.0, 0.01, 0.23217621987513004, 0.3094776058602667, 0.01, 0.01, 0.9233001178922391, 2.0, 0.01, 0.20275342965268436, 0.45626337900528857, 1.6679841423536999, 2.0, 0.01]
当前优化进度: 13/300
当前权重: [2.0, 1.3422101785675522, 1.1954394459585667, 0.2829622965225765, 0.01, 0.054283264880142415, 0.5822479892702548, 1.9416604693583943, 0.46539142298231007, 0.29866553910661364, 1.1753057973478092, 1.4157326185647952, 2.0, 0.01]
当前优化进度: 14/300
当前权重: [2.0, 0.01, 0.5532943061634005, 2.0, 2.0, 2.0, 2.0, 2.0, 2.0, 2.0, 0.01, 0.01, 0.12058030727409053, 0.01]
当前优化进度: 15/300
当前权重: [1.0817174784018648, 0.01, 0.42614996903890884, 0.7772354873266442, 0.01, 0.7631639741874245, 2.0, 2.0, 1.0735544663687198, 0.01, 0.01, 0.01, 1.9297378721730267, 0.01]
当前优化进度: 16/300
当前权重: [2.0, 1.8237327996143877, 0.33148769428086705, 1.9992894359221502, 0.01, 0.4082119858146846, 1.5526154179370972, 2.0, 1.4348654384106663, 0.07392524489524718, 1.0383066773670806, 0.01, 1.7408606385373289, 0.01]
当前优化进度: 17/300
当前权重: [2.0, 0.4979070199657669, 0.22262227838730536, 0.5499937175929808, 0.6432063196289457, 1.282962533444947, 1.7293267401976322, 2.0, 2.0, 0.3658640027549475, 0.2751023586052487, 1.0538687462537952, 1.625294365156677, 0.01]
当前优化进度: 18/300
当前权重: [2.0, 0.01, 0.01, 2.0, 2.0, 2.0, 1.5744697716480152, 2.0, 2.0, 1.9986846611015991, 0.01, 2.0, 0.01, 0.01]
当前优化进度: 19/300
当前权重: [2.0, 0.01, 0.19048985444258065, 1.306997684719767, 1.2544407244334255, 1.5513428711476638, 2.0, 2.0, 2.0, 1.4912704824051082, 0.01, 1.4755513340994897, 1.132394483745955, 0.01]
当前优化进度: 20/300
当前权重: [2.0, 0.01, 0.01654166977443689, 0.47721455663299495, 0.8950342939727925, 1.3610990738636686, 1.5254077507729908, 2.0, 2.0, 0.4209266995543662, 0.01, 1.428544371390906, 1.9284781285060424, 0.01]
当前优化进度: 21/300
当前权重: [2.0, 0.9917806146769579, 0.01, 2.0, 1.959036633048669, 0.01, 1.017428969682704, 2.0, 0.01, 2.0, 1.209336460202659, 2.0, 2.0, 0.01]
当前优化进度: 22/300
当前权重: [2.0, 0.030516504286837297, 0.01, 1.6209463240122792, 2.0, 1.8954850038766082, 2.0, 2.0, 1.8419977084813082, 2.0, 0.2803957189555473, 2.0, 0.01, 0.01]
当前优化进度: 23/300
当前权重: [2.0, 0.44934499155797547, 0.051874583215584975, 0.17882424849583498, 0.7819784287635873, 1.0294474271892715, 0.8545561065732327, 2.0, 0.8085233571009095, 0.057463717411457914, 0.6045626994703241, 2.0, 0.4101384180381587, 0.01]
当前优化进度: 24/300
当前权重: [2.0, 0.4762529860956666, 0.01, 0.23808404772815578, 0.5683917833868988, 0.9009439569664524, 0.9448812758814347, 2.0, 0.4309103152735294, 0.01, 0.6830552946931064, 2.0, 0.3134068713000013, 0.01]
当前优化进度: 25/300
当前权重: [2.0, 0.5935838425498361, 0.01, 1.2227580300070136, 0.5415146169261451, 0.6288520829737013, 2.0, 2.0, 0.36413645407504, 0.7534919890404436, 1.4309257986043444, 2.0, 0.01, 0.01]
当前优化进度: 26/300
当前权重: [2.0, 0.01, 0.01, 0.23236248847695914, 0.9573304282112869, 1.21416847833713, 1.4932367334216556, 2.0, 0.5606151495260379, 0.01, 0.6045630191963737, 2.0, 0.01, 0.01]
当前优化进度: 27/300
当前权重: [2.0, 1.6983659842246521, 0.7955228438639464, 0.025204186775361535, 2.0, 0.01, 2.0, 2.0, 0.01, 0.01, 0.43972339460010906, 2.0, 0.01, 2.0]
当前优化进度: 28/300
当前权重: [2.0, 0.01, 0.4913575285527969, 1.4238958434842421, 0.05535457462533198, 1.0323516812699025, 1.3895571828940558, 2.0, 1.3736900142506927, 0.01, 0.6271213026414447, 2.0, 0.01, 0.01]
当前优化进度: 29/300
当前权重: [2.0, 0.01, 0.01, 0.01, 0.01, 2.0, 2.0, 2.0, 1.4932856745533643, 0.01, 0.8469517942095551, 2.0, 0.01, 0.01]
当前优化进度: 30/300
当前权重: [2.0, 0.01, 0.01, 0.01, 2.0, 0.01, 1.1594793893799535, 2.0, 0.01, 0.01, 0.01, 2.0, 0.01, 0.01]
当前优化进度: 31/300
当前权重: [2.0, 1.9345613653775404, 0.01, 1.7259203424224105, 0.931735241450785, 0.01, 1.2249732032048548, 2.0, 1.0566703965730677, 0.01, 0.01, 2.0, 0.01, 0.01]
当前优化进度: 32/300
当前权重: [2.0, 0.01, 0.0193567253891153, 1.022691330558962, 1.8710232204174209, 1.1136011465597768, 1.7698634149137846, 2.0, 0.01, 0.01, 1.13448525938704, 2.0, 0.01, 0.01]
当前优化进度: 33/300
当前权重: [2.0, 0.01, 0.2612143669669321, 0.2971994412528127, 2.0, 1.0418550670923215, 1.2520179691568556, 2.0, 0.01, 0.8927355920168246, 0.7145428402248087, 2.0, 0.01, 0.01]
当前优化进度: 34/300
当前权重: [2.0, 0.2074046576533353, 1.3211732830274647, 0.01, 1.848110238216765, 2.0, 0.5515019170650503, 2.0, 2.0, 0.01, 1.0361510144958825, 2.0, 0.2231615004901216, 0.01]
当前优化进度: 35/300
当前权重: [2.0, 2.0, 2.0, 0.01, 2.0, 2.0, 2.0, 0.01, 2.0, 0.01, 0.01, 0.01, 0.01, 0.01]
当前优化进度: 36/300
当前权重: [2.0, 0.01, 1.322225248313481, 1.241328104945127, 0.023460911503752693, 2.0, 0.5269363327509968, 2.0, 0.29285341587147873, 0.01, 0.1599640244146306, 2.0, 0.4829341324185226, 0.01]
当前优化进度: 37/300
当前权重: [2.0, 1.198564284484017, 0.044901772413222026, 0.01, 1.4245522565165794, 1.955137525849057, 0.19785884102605292, 2.0, 0.32898641894778885, 0.01, 0.2872816782248686, 2.0, 0.01, 0.01]
当前优化进度: 38/300
当前权重: [0.44313072363683503, 0.9039439454896319, 1.6974217784529178, 1.8343044124172754, 1.667755751796588, 0.5003290708786906, 1.5755405838063388, 1.730528448521529, 1.5186589803719812, 0.2313332629916514, 1.7647018705153956, 1.9349520717925424, 1.9497187291175686, 0.04165628913225271]
当前优化进度: 39/300
当前权重: [0.15459053524884728, 0.7061547679736879, 0.09438081328706273, 0.08583029283353537, 0.022509537549083455, 1.6844050536834005, 0.20417674978412803, 1.8219591008135987, 0.3612429501470295, 0.4112585055109018, 0.2553407483813199, 1.95135053600189, 0.08594920155822836, 0.09512214521175456]
当前优化进度: 40/300
当前权重: [0.6641054427043663, 0.01, 0.01, 0.4130203341474503, 2.0, 1.446755404292212, 2.0, 2.0, 1.6171837728867846, 0.01, 1.4230784315725065, 2.0, 0.01, 0.01]
当前优化进度: 41/300
当前权重: [0.01, 0.01, 0.01, 0.01, 2.0, 0.01, 2.0, 2.0, 2.0, 2.0, 2.0, 2.0, 0.01, 0.01]
当前优化进度: 42/300
当前权重: [2.0, 0.01, 0.01, 1.098072235700407, 2.0, 1.4678669582151829, 1.9584281338622165, 2.0, 0.01, 0.01, 2.0, 2.0, 1.9584619212641239, 0.01]
当前优化进度: 43/300
当前权重: [1.65969783257501, 1.0244142509344725, 1.714723328105107, 1.1707968665726929, 0.5334707048287342, 1.987053822954385, 0.29036528328603967, 1.9602853265935454, 0.8731335130005055, 1.8568571851512663, 1.9091593958952129, 1.8406509089283276, 0.4050767537186053, 1.2610840972908917]
当前优化进度: 44/300
当前权重: [1.4725116693118552, 0.047001334072649274, 0.39999870208978894, 0.4793452906036421, 1.1155693226302439, 0.20273119336765924, 1.7035895504169292, 0.565930207758483, 0.25829348077185676, 0.0171027523257152, 0.06206294627407568, 1.7699024478925476, 0.07220729246140382, 0.020182005181954107]
当前优化进度: 45/300
当前权重: [2.0, 0.12761996035404558, 0.01, 1.3259751158443325, 1.050649303567146, 0.13333023822767973, 2.0, 1.669297304424545, 0.01, 0.01, 0.43754873872985445, 2.0, 0.01, 0.01]
当前优化进度: 46/300
当前权重: [2.0, 0.01, 0.01, 0.30741264309094224, 2.0, 0.08973854212131828, 1.996632117421961, 0.5374859745178778, 0.01, 0.01, 0.01, 2.0, 0.01, 0.01]
当前优化进度: 47/300
当前权重: [1.766068113837854, 0.01, 0.01, 0.5069031878721165, 1.1606511292672883, 0.5458589350703384, 1.8618212698073064, 2.0, 0.3191963859674159, 0.01, 0.7789906510847185, 2.0, 0.01, 0.01]
当前优化进度: 48/300
当前权重: [1.6556232404841769, 0.3327354753692241, 0.01, 2.0, 2.0, 0.5010760173580694, 1.0703239696061073, 1.222500597927065, 1.7116239876428267, 0.01, 0.01, 2.0, 0.01, 0.01]
当前优化进度: 49/300
当前权重: [2.0, 0.01, 0.42772825338918247, 1.402452186029267, 1.1243138818996037, 1.5838868287432988, 1.360079339374877, 2.0, 0.01, 0.01, 1.3549425506649657, 2.0, 0.01, 0.01]
当前优化进度: 50/300
当前权重: [2.0, 0.01, 0.21832774426946783, 1.2298034209669346, 0.7539705987084919, 2.0, 0.8565064406838573, 1.0455095431566672, 1.1831744021439823, 0.01, 0.10792512437892166, 2.0, 0.01, 0.01]
当前优化进度: 51/300
当前权重: [2.0, 0.01, 0.5912001169350803, 1.5140164400949458, 1.3332877355609256, 0.9127604530456453, 2.0, 2.0, 1.9194707132285704, 0.01, 0.01, 2.0, 0.01, 0.01]
当前优化进度: 52/300
当前权重: [2.0, 0.01, 0.01, 1.8659511857459543, 1.0000909069527613, 1.1497206611724942, 0.6377375667283314, 2.0, 1.9357707512257512, 0.01, 1.1265460087761943, 2.0, 0.01, 0.01]
当前优化进度: 53/300
当前权重: [2.0, 0.01, 0.01, 1.9266950042918092, 1.1961102624126008, 0.6319315046883848, 1.387367585603147, 2.0, 0.01, 0.01, 0.6603764550407651, 2.0, 0.01, 1.775021278723628]
当前优化进度: 54/300
当前权重: [2.0, 0.01, 0.01, 1.762336310076841, 1.0632057125033665, 1.0248397102860216, 1.1395803863919296, 2.0, 0.01, 0.01, 0.7671469236684701, 0.41950063580372243, 0.01, 0.01]
当前优化进度: 55/300
当前权重: [2.0, 0.5983932154027679, 0.01, 2.0, 1.1015115777963964, 2.0, 1.3259333536330806, 2.0, 0.01, 0.01, 0.7400404527872948, 2.0, 0.01, 0.01]
当前优化进度: 56/300
当前权重: [2.0, 0.01, 0.01, 0.01, 1.0934705680510108, 0.01, 1.2728548907824253, 2.0, 0.01, 0.01, 0.6379638711259874, 2.0, 0.01, 0.01]
当前优化进度: 57/300
当前权重: [2.0, 0.01, 0.01, 2.0, 1.6226502765834254, 2.0, 2.0, 2.0, 0.01, 0.01, 0.7069856080746415, 2.0, 0.01, 0.01]
当前优化进度: 58/300
当前权重: [2.0, 0.01, 0.01, 0.01, 0.01, 0.01, 1.3877158817399335, 0.01, 0.01, 0.01, 0.01, 2.0, 0.01, 0.01]
当前优化进度: 59/300
当前权重: [1.439328363474577, 0.01, 0.01, 1.2114921317715022, 1.6682380931773517, 1.4251632210725145, 2.0, 0.7588383662291741, 0.11841714270899921, 0.01, 0.01, 2.0, 0.01, 0.01]
当前优化进度: 60/300
当前权重: [2.0, 0.01, 0.01, 0.5449638830232126, 0.35335799783334904, 0.01, 0.3192725260937435, 0.8828090430110733, 0.8118748533373563, 0.01, 0.01, 2.0, 0.01, 0.01]
当前优化进度: 61/300
当前权重: [2.0, 0.01, 0.31699925638203824, 0.01, 0.8270498867981209, 0.01, 0.7914257846570059, 2.0, 0.01, 0.01, 1.536176462064937, 2.0, 0.01, 0.01]
当前优化进度: 62/300
当前权重: [1.5051901314197702, 0.01, 2.0, 0.19928432143923103, 0.2743897052070345, 0.01, 2.0, 0.7670461373178359, 1.9448088673739, 0.01, 0.01, 2.0, 0.01, 0.01]
当前优化进度: 63/300
当前权重: [2.0, 0.01, 0.5439676725053382, 0.9961372203535648, 2.0, 0.6188558301470908, 1.166846498276393, 0.9778833649124278, 0.01, 0.01, 0.01, 2.0, 0.01, 0.01]
当前优化进度: 64/300
当前权重: [2.0, 0.01, 0.5421443478923293, 1.8630685493097927, 2.0, 0.08622262421091831, 2.0, 1.1511965295378477, 0.01, 0.01, 0.01, 2.0, 0.01, 0.01]
当前优化进度: 65/300
当前权重: [2.0, 0.01, 0.01, 0.01, 2.0, 2.0, 0.01, 0.01, 0.01, 0.01, 2.0, 2.0, 0.01, 0.01]
当前优化进度: 66/300
当前权重: [2.0, 0.01, 0.2719695261171914, 0.01, 1.1740758043447324, 2.0, 1.2619156745612088, 1.5893859715174787, 0.01, 0.01, 0.6425690019556156, 2.0, 0.01, 0.01]
当前优化进度: 67/300
当前权重: [2.0, 0.01, 0.01, 2.0, 1.0581191773203704, 0.01, 0.01, 2.0, 0.01, 0.01, 0.8165207976962999, 2.0, 0.01, 2.0]
当前优化进度: 68/300
当前权重: [2.0, 0.01, 0.01, 2.0, 0.9736986553929919, 0.01, 1.2243466965854388, 2.0, 0.01, 0.01, 0.01, 2.0, 0.01, 0.01]
当前优化进度: 69/300
当前权重: [2.0, 0.01, 0.01, 0.01, 2.0, 2.0, 1.1132885867197726, 2.0, 2.0, 0.01, 2.0, 2.0, 0.01, 0.01]
当前优化进度: 70/300
当前权重: [2.0, 0.01, 0.01, 0.01, 2.0, 0.01, 1.3617607948578898, 1.6861777298328793, 2.0, 0.01, 0.6574572536004828, 2.0, 0.01, 0.01]
当前优化进度: 71/300
当前权重: [2.0, 0.01, 0.01, 2.0, 1.0718590019638572, 0.7327905318025553, 1.0161486222072058, 1.0963325568200684, 0.01, 0.01, 1.2500037459443463, 2.0, 0.01, 0.01]
当前优化进度: 72/300
当前权重: [2.0, 0.01, 0.2700342589759665, 2.0, 1.0552830594832505, 2.0, 1.2440792051536578, 2.0, 0.01, 0.01, 0.01, 2.0, 0.01, 0.01]
当前优化进度: 73/300
当前权重: [2.0, 0.01, 0.34780023184347947, 0.01, 1.0559331073012967, 0.9836297676205874, 2.0, 2.0, 0.01, 0.01, 0.7413688722215197, 2.0, 0.01, 0.01]
当前优化进度: 74/300
当前权重: [2.0, 0.01, 0.01, 0.01, 0.9397657871333978, 0.925982221910254, 2.0, 1.6833444225615843, 0.01, 0.01, 0.01, 2.0, 0.01, 0.01]
当前优化进度: 75/300
当前权重: [2.0, 0.01, 0.01, 2.0, 2.0, 0.9526206162770148, 0.01, 1.6851205562207676, 0.01, 0.01, 0.01, 2.0, 0.01, 0.01]
当前优化进度: 76/300
当前权重: [2.0, 0.9525295205821155, 0.01, 1.3441816431667142, 0.5181274012982378, 1.0905976663686479, 1.628840664140486, 2.0, 0.01, 0.01, 0.01, 2.0, 0.01, 0.01]
当前优化进度: 77/300
当前权重: [2.0, 0.01, 0.24454912038230323, 0.01, 0.9519767628164667, 1.0187610451639173, 1.0859024752383715, 2.0, 0.01, 0.01, 0.6351291594616276, 2.0, 0.01, 0.01]
当前优化进度: 78/300
当前权重: [2.0, 0.01, 0.29945212358068934, 0.01, 0.9699613489880838, 0.855612307670589, 1.0916110948461222, 1.7284146114607815, 0.01, 0.01, 0.3163847346895998, 2.0, 0.01, 0.01]
当前优化进度: 79/300
当前权重: [2.0, 0.01, 0.01, 0.01, 1.2776223907720432, 1.1145359709548786, 1.030373188953031, 2.0, 0.01, 0.01, 1.1682373727053224, 2.0, 0.01, 0.01]
当前优化进度: 80/300
当前权重: [2.0, 0.01, 0.01, 2.0, 0.8346025085954669, 1.160793218209711, 1.1721546216123013, 2.0, 0.01, 0.01, 0.7007774121779811, 2.0, 0.01, 0.01]
当前优化进度: 81/300
当前权重: [2.0, 0.01, 0.7001914002598133, 0.10688056093337196, 1.4164369179107064, 1.367708303543511, 0.12722277327066883, 0.7660654821005715, 0.01, 0.01, 0.01, 2.0, 0.01, 0.01]
当前优化进度: 82/300
当前权重: [2.0, 0.01, 0.01, 0.9175474321552982, 1.137465640834721, 2.0, 1.0925466645350541, 2.0, 0.01, 0.01, 0.01, 2.0, 0.01, 0.01]
当前优化进度: 83/300
当前权重: [2.0, 0.01, 0.01, 0.9000402417875352, 1.3157003193428318, 0.01, 1.3762408405889637, 2.0, 1.1745516152199795, 0.01, 0.01, 2.0, 0.01, 0.786621460408458]
当前优化进度: 84/300
当前权重: [2.0, 0.01, 0.01, 2.0, 2.0, 2.0, 2.0, 2.0, 0.01, 0.01, 0.01, 2.0, 0.01, 0.01]
当前优化进度: 85/300
当前权重: [2.0, 0.4156598491347271, 0.01, 0.8453639405307876, 1.0949524759120453, 0.31562103037407124, 1.125970087593821, 2.0, 0.01, 0.01, 0.01, 2.0, 0.01, 0.01]
当前优化进度: 86/300
当前权重: [2.0, 0.5902390285559731, 0.14568103903032512, 0.8095767153199498, 1.140205911985126, 0.01, 1.1988402053847294, 2.0, 0.01, 0.01, 0.01, 2.0, 0.01, 0.01]
当前优化进度: 87/300
当前权重: [2.0, 0.01, 0.01, 0.8989923007643887, 0.9937473293668586, 1.3196713845466619, 1.0471716494479066, 2.0, 0.01, 0.01, 0.8258081258581721, 2.0, 0.01, 0.01]
当前优化进度: 88/300
当前权重: [2.0, 0.01, 0.01, 0.8905159569335285, 0.9895451548857315, 1.280188603583654, 1.0584010459204531, 2.0, 0.01, 0.01, 0.7915065130171193, 2.0, 0.01, 0.01]
当前优化进度: 89/300
当前权重: [2.0, 0.01, 0.01, 1.201027045147152, 2.0, 2.0, 1.7383648255012447, 2.0, 0.01, 0.01, 0.24409007340833502, 2.0, 0.01, 2.0]
当前优化进度: 90/300
当前权重: [2.0, 0.01, 0.01, 0.8829635529495967, 0.969778860319625, 1.2330214785944602, 1.0557980172810635, 2.0, 0.01, 0.01, 0.768333879285079, 2.0, 0.01, 0.01]
当前优化进度: 91/300
当前权重: [2.0, 0.01, 0.01, 0.9255409695474422, 1.1164001989498888, 0.01, 1.1423531299827105, 2.0, 0.01, 0.01, 0.8584393290368597, 2.0, 0.01, 0.01]
当前优化进度: 92/300
当前权重: [2.0, 2.0, 0.01, 0.378670930398446, 2.0, 1.1460604252112216, 1.26447656956692, 2.0, 0.01, 0.01, 2.0, 2.0, 0.01, 0.01]
当前优化进度: 93/300
当前权重: [2.0, 0.01, 0.01, 0.8697497241852277, 0.8902446329481412, 1.2436326161368738, 1.0779017135053202, 2.0, 2.0, 0.01, 0.6567156133378445, 2.0, 0.01, 0.01]
当前优化进度: 94/300
当前权重: [2.0, 0.01, 0.01, 0.01, 0.7381791826486949, 2.0, 1.1199326760601311, 2.0, 0.01, 0.01, 0.01, 2.0, 0.01, 0.01]
当前优化进度: 95/300
当前权重: [2.0, 0.01, 0.01, 0.9144120491577415, 1.112021351227273, 1.0903374404599433, 1.1165310934761352, 2.0, 0.01, 0.01, 0.6766642992535034, 2.0, 0.01, 0.01]
当前优化进度: 96/300
当前权重: [2.0, 0.01, 0.01, 0.9152742028214926, 1.1222433614866054, 1.0928375907854826, 1.0948082290757009, 2.0, 0.01, 0.01, 0.6720022605181352, 2.0, 0.01, 0.01]
当前优化进度: 97/300
当前权重: [2.0, 0.01, 0.01, 1.021714613252118, 1.0086625608923798, 2.0, 0.6735883148403061, 2.0, 0.01, 0.01, 1.1849232277060595, 2.0, 0.01, 0.01]
当前优化进度: 98/300
当前权重: [2.0, 0.01, 0.01, 0.9081102849561166, 1.141730958226229, 0.9587931915826574, 1.1855448352505875, 2.0, 0.01, 0.01, 0.5773243438648425, 2.0, 0.01, 0.01]
当前优化进度: 99/300
当前权重: [2.0, 0.01, 0.01, 0.9076878445878442, 1.1438949900473083, 0.9520519025578764, 1.182055722717549, 2.0, 0.01, 0.01, 0.5678026377766185, 2.0, 0.01, 0.01]
当前优化进度: 100/300
当前权重: [2.0, 0.01, 0.01, 0.9068974246372092, 1.1442139709288168, 0.9456509537036681, 1.1800253672408751, 2.0, 0.01, 0.01, 0.559202491968474, 2.0, 0.01, 0.01]
当前优化进度: 101/300
当前权重: [1.2635055291350996, 0.01, 0.01, 0.01, 2.0, 0.01, 1.1405059189540043, 0.644982876214419, 0.01, 0.01, 0.01, 2.0, 0.01, 0.01]
当前优化进度: 102/300
当前权重: [2.0, 0.01, 0.01, 0.9045933894603736, 1.1486554065161638, 0.93811772363799, 1.1819571812227974, 2.0, 0.01, 0.01, 0.5532085128344385, 2.0, 0.01, 0.01]
当前优化进度: 103/300
当前权重: [2.0, 0.01, 0.01, 0.9251298934373857, 2.0, 0.8433847876679854, 1.279004898595226, 1.6390340913058512, 0.01, 0.01, 0.3421943556871544, 2.0, 0.01, 0.01]
当前优化进度: 104/300
当前权重: [2.0, 1.581945794434156, 0.01, 2.0, 2.0, 2.0, 0.01, 2.0, 2.0, 0.01, 0.6133747893176434, 2.0, 0.01, 0.01]
当前优化进度: 105/300
当前权重: [2.0, 0.01, 0.01, 0.9160754782383328, 2.0, 0.8729722436314044, 1.2337471917536913, 1.7302301544348393, 0.01, 0.01, 0.4267521764097388, 2.0, 0.01, 0.01]
当前优化进度: 106/300
当前权重: [2.0, 0.01, 0.01, 0.9098529307139357, 2.0, 0.8664555373354053, 1.2366725095015365, 1.7279019598210017, 0.01, 0.01, 0.4189414121612484, 2.0, 0.01, 0.01]
当前优化进度: 107/300
当前权重: [2.0, 0.01, 0.01, 0.8356122153802812, 0.01, 0.8578331394140365, 1.163693690564788, 2.0, 0.01, 0.01, 0.48945370982162656, 2.0, 0.01, 0.01]
当前优化进度: 108/300
当前权重: [2.0, 0.01, 0.01, 0.9237074950863232, 0.01, 0.8826491986644645, 1.263261881998544, 1.6839920651241702, 0.01, 0.01, 0.4313568042090179, 2.0, 0.01, 0.01]
当前优化进度: 109/300
当前权重: [2.0, 0.01, 0.01, 0.9478748261750914, 1.4100653679655752, 0.9554248519753692, 1.0971821518581895, 2.0, 0.01, 0.01, 0.521383645907611, 2.0, 0.01, 0.01]
当前优化进度: 110/300
当前权重: [2.0, 0.01, 0.01, 0.9526584174970297, 1.4257375899125966, 0.9505237764655019, 1.078447608576576, 2.0, 0.01, 0.01, 0.5112326738579113, 2.0, 0.01, 0.01]
当前优化进度: 111/300
当前权重: [2.0, 0.01, 0.13376232324009843, 1.1003914189396407, 1.783012702556898, 1.175685785281149, 1.0755932586825554, 2.0, 0.8117046804877063, 0.01, 0.7417990094944547, 2.0, 0.01, 0.01]
当前优化进度: 112/300
当前权重: [2.0, 0.5253293862958983, 0.01, 1.1241756715122972, 1.765632686091659, 1.2225949316139133, 1.1870616907960503, 2.0, 0.7579980924406561, 0.01, 0.5384156344366945, 2.0, 0.01, 0.01]
当前优化进度: 113/300
当前权重: [2.0, 0.01, 0.01, 0.9946111740958778, 1.4301003222236883, 1.0563091401450535, 1.1378362922636385, 2.0, 0.4884661367777484, 0.01, 0.6445026226301735, 2.0, 2.0, 0.01]
当前优化进度: 114/300
当前权重: [2.0, 0.01, 0.1471619461215373, 0.7349423394991537, 1.3382395589387905, 0.8297728167039775, 1.3598445780298622, 2.0, 0.01, 0.01, 0.6237309545326875, 2.0, 0.5798288819494537, 0.01]
当前优化进度: 115/300
当前权重: [2.0, 0.01, 0.18410368539156435, 0.552510102706989, 1.3876987924077313, 0.5858904605045804, 1.6181349927339352, 2.0, 0.01, 0.01, 0.5638945639607565, 2.0, 0.745050261838594, 0.01]
当前优化进度: 116/300
当前权重: [2.0, 0.01, 0.19245010714891517, 0.7786403278442015, 1.5628394964458798, 1.0050475257515763, 1.2070809335416106, 2.0, 0.01, 0.01, 0.7631475719613809, 2.0, 0.6095519488848217, 0.01]
当前优化进度: 117/300
当前权重: [2.0, 0.01, 0.2489663235178547, 0.7450755912197815, 1.672364125280915, 1.0402568450649767, 1.1970845032851185, 2.0, 0.01, 0.01, 0.8037027213747018, 2.0, 0.6120101306093431, 0.01]
当前优化进度: 118/300
当前权重: [2.0, 0.6965896501287407, 0.01, 0.01, 0.01, 0.7151464363524768, 1.6465819562821182, 2.0, 0.01, 0.01, 1.2200911442767735, 2.0, 0.9453089702368169, 0.01]
当前优化进度: 119/300
当前权重: [2.0, 0.01, 0.26797723717509225, 0.7639647791816664, 1.6127112562956871, 0.696668948712293, 1.3177940254571678, 2.0, 0.01, 0.01, 0.4151368172644478, 2.0, 0.5916899117845897, 0.01]
当前优化进度: 120/300
当前权重: [2.0, 0.01, 0.01, 0.8426495987861524, 1.5078059354413693, 0.8922076763528094, 1.2230073451881849, 2.0, 0.01, 0.01, 0.47931029260887414, 2.0, 0.5419450451719915, 0.01]
当前优化进度: 121/300
当前权重: [2.0, 0.01, 0.01, 0.8450809821767648, 1.4931422769681697, 0.8751541106117194, 1.241121040259643, 2.0, 0.01, 0.01, 0.43719133641861585, 2.0, 0.5411961287830444, 0.01]
当前优化进度: 122/300
当前权重: [2.0, 0.01, 0.01, 0.4011113694056068, 2.0, 0.8744075087542542, 1.3068234211308014, 2.0, 0.01, 0.01, 0.49986678733351697, 0.01, 0.3812969668679523, 0.01]
当前优化进度: 123/300
当前权重: [2.0, 0.01, 0.5149829198226908, 0.01, 2.0, 0.5180636254588659, 2.0, 0.8842577831126597, 0.8618378456945388, 0.01, 0.01, 2.0, 0.01, 0.01]
当前优化进度: 124/300
当前权重: [2.0, 0.01, 0.01, 0.7033780975603083, 2.0, 0.7810164749480399, 2.0, 1.6766219483084501, 0.46159631845810667, 0.01, 0.01, 2.0, 0.7191711387672414, 0.01]
当前优化进度: 125/300
当前权重: [2.0, 0.01, 0.01, 2.0, 2.0, 2.0, 0.01, 0.5204346335067705, 2.0, 0.01, 0.01, 2.0, 0.01, 0.01]
当前优化进度: 126/300
当前权重: [2.0, 0.01, 0.2567258717922168, 0.8825557946913655, 1.5389897416517717, 1.1817358388048174, 0.9444141760143784, 2.0, 0.01, 0.01, 0.9375096403353599, 2.0, 0.602101727222143, 0.01]
当前优化进度: 127/300
当前权重: [2.0, 0.01, 0.4382522329073452, 0.4021620658965496, 2.0, 1.5040509820121877, 0.8791668650535505, 2.0, 0.5933413169805318, 0.01, 2.0, 2.0, 0.01, 0.01]
当前优化进度: 128/300
当前权重: [2.0, 0.01, 0.22545387319785745, 0.8839738349609978, 1.1600020556666968, 0.9007148337355304, 1.1428583985305405, 2.0, 0.01, 0.01, 0.6885307034370775, 2.0, 0.5301539076059727, 0.01]
当前优化进度: 129/300
当前权重: [2.0, 0.01, 0.01, 0.8337958245085317, 1.694027347816873, 1.0842296086566743, 0.9328329489784444, 2.0, 0.01, 0.01, 0.7978415952370577, 2.0, 0.5285126092943331, 0.01]
当前优化进度: 130/300
当前权重: [2.0, 0.01, 0.01, 0.7919560755360587, 2.0, 0.8970726970753271, 0.01, 2.0, 0.01, 0.01, 0.4018457615455714, 2.0, 0.01, 1.6879599533842615]
当前优化进度: 131/300
当前权重: [2.0, 0.01, 0.024025992890648027, 0.952686720583621, 2.0, 1.5729494648960876, 0.9597624795753541, 2.0, 0.01, 0.01, 0.974715852338426, 2.0, 0.6020837831444095, 0.01]
当前优化进度: 132/300
当前权重: [2.0, 0.01, 0.32697730782822093, 0.7613835874674268, 1.2141796835713767, 0.6758020646837771, 1.2181228576357666, 2.0, 0.01, 0.01, 0.6868878801372946, 2.0, 0.5502167892273889, 0.01]
当前优化进度: 133/300
当前权重: [2.0, 0.01, 0.13867598476241805, 0.8307942161846993, 1.156208421438811, 0.8160130566484425, 1.1734162934877457, 2.0, 0.01, 0.01, 0.5897830911952123, 2.0, 0.5113133061669194, 0.01]
当前优化进度: 134/300
当前权重: [2.0, 0.01, 0.01, 0.04119074178576978, 1.1887178911352188, 0.01, 2.0, 0.8550501134323157, 0.01, 0.01, 0.3727875914355879, 2.0, 0.8098800625081654, 0.01]
当前优化进度: 135/300
当前权重: [2.0, 0.01, 0.01, 0.3418297993484029, 1.179041924585114, 0.01, 2.0, 0.7749151283246511, 0.01, 0.01, 0.21900932491950142, 0.01, 0.01, 0.01]
当前优化进度: 136/300
当前权重: [2.0, 2.0, 0.01, 2.0, 1.1040770907691382, 2.0, 0.449335939492088, 2.0, 0.01, 0.01, 1.195605123190727, 2.0, 0.01, 0.01]
当前优化进度: 137/300
当前权重: [2.0, 0.01, 0.01, 2.0, 2.0, 0.5007627858127944, 0.9906520197249824, 2.0, 0.01, 0.01, 0.5042624038249953, 2.0, 0.09529415215730726, 0.01]
当前优化进度: 138/300
当前权重: [2.0, 0.19607414161880551, 0.01, 0.07624689956331794, 0.7591099697178659, 0.7749869931452797, 1.5447549319542835, 2.0, 0.01, 0.01, 1.2794536642459746, 2.0, 0.6205210783286242, 2.0]
当前优化进度: 139/300
当前权重: [2.0, 0.01, 0.01, 0.9144677455409245, 1.212262781100756, 0.01, 1.8663252652650884, 0.7039249875296895, 2.0, 0.01, 1.01335335234681, 2.0, 0.01, 0.01]
当前优化进度: 140/300
当前权重: [2.0, 0.01, 0.01, 1.3713969133584685, 0.9861267155925163, 0.23568406414382698, 1.8064318690902177, 0.8682944083108032, 0.01, 0.01, 0.01, 2.0, 0.4574295937330452, 0.01]
当前优化进度: 141/300
当前权重: [2.0, 0.22256977392949454, 0.01, 2.0, 1.4922461800624378, 2.0, 0.637796863451772, 1.6038164881480095, 0.01, 0.01, 1.3676989108765054, 2.0, 0.01, 0.01]
当前优化进度: 142/300
当前权重: [2.0, 0.01, 0.2667911047377011, 0.014666196812217883, 1.0774011282784042, 0.01, 1.844630165168969, 1.4538019454896256, 0.01, 0.01, 0.3728835706575402, 0.01, 0.817107730548167, 0.01]
当前优化进度: 143/300
当前权重: [2.0, 0.01, 0.1963994516408926, 0.08188809303169425, 0.01, 0.01, 2.0, 1.0227784159931999, 0.01, 0.01, 0.01, 2.0, 0.14485272443055103, 0.01]
当前优化进度: 144/300
当前权重: [2.0, 0.01, 0.01, 0.8427694710792335, 1.192295270053599, 0.7871451663472342, 1.2608338630900686, 2.0, 0.01, 0.01, 0.7033892083944417, 2.0, 0.5560673278837545, 0.01]
当前优化进度: 145/300
当前权重: [2.0, 0.01, 0.339882902897464, 0.9676190010471521, 1.4464822617880475, 0.7112714419306093, 1.2340305673134548, 2.0, 0.01, 0.01, 0.7813896777936973, 2.0, 0.4890880638728412, 0.01]
当前优化进度: 146/300
当前权重: [2.0, 0.01, 0.01, 0.8357486340342678, 1.2338732192392023, 0.8135261966327647, 1.2385991482861114, 2.0, 0.01, 0.01, 0.6767757268033574, 2.0, 0.5262099258331512, 0.01]
当前优化进度: 147/300
当前权重: [2.0, 0.01, 0.01, 0.45913696069863746, 1.5167079901741873, 0.21649002528124794, 1.5257087077031402, 1.7003213247357092, 0.01, 0.01, 0.35917115781214254, 1.1397599551494224, 0.4320016417154502, 0.01]
当前优化进度: 148/300
当前权重: [2.0, 0.01, 0.01, 0.7067222305880767, 1.3370593836654376, 0.7471196595996674, 1.2320868129168627, 2.0, 0.01, 0.01, 0.6171511292105945, 1.3681907045500437, 0.43838533122543344, 0.01]
当前优化进度: 149/300
当前权重: [2.0, 0.01, 0.09824557234931942, 0.7115173367965741, 1.3614267901385464, 0.7415736292238624, 1.275465384914312, 1.6952403206491007, 0.24863435578384943, 0.01, 0.5831390496000441, 1.3386828319327644, 0.4081234097679719, 0.01]
当前优化进度: 150/300
当前权重: [2.0, 0.01, 0.01, 0.6889400223471528, 1.2997112680847074, 0.6857320656358482, 1.2451574577016107, 2.0, 0.01, 0.01, 0.5943415850169433, 1.4090510948729744, 0.4691232194636321, 0.01]
当前优化进度: 151/300
当前权重: [2.0, 0.01, 0.01, 0.7217814155774026, 1.439238752372111, 0.6140894959175947, 1.1937915575689846, 2.0, 0.01, 0.01, 0.6532676567502097, 1.4599344316549447, 0.4890969887231053, 0.01]
当前优化进度: 152/300
当前权重: [2.0, 0.01, 0.01, 0.6948168927717482, 1.578804584441407, 0.4902004253039123, 1.174640605422849, 2.0, 0.01, 0.01, 0.7434998099796434, 1.490375505566156, 0.5596805014108146, 0.01]
当前优化进度: 153/300
当前权重: [2.0, 0.01, 0.01, 0.7103452566283791, 1.2776151517605951, 0.8197951326906977, 1.2845810103926552, 2.0, 0.01, 0.01, 0.4776179575569323, 1.4247244550302427, 0.39707364458299954, 0.01]
当前优化进度: 154/300
当前权重: [2.0, 0.01, 0.01, 0.8755134728089938, 1.4929438854822625, 0.77089691734681, 1.1732162695527573, 2.0, 0.01, 0.01, 0.4621953731073898, 1.4909534923183043, 0.3722361036344865, 0.01]
当前优化进度: 155/300
当前权重: [2.0, 0.01, 0.01, 0.01, 1.2267090422017912, 0.01, 1.7701699584612112, 0.9406569428482067, 0.01, 0.01, 1.1491787364888009, 2.0, 0.01, 0.01]
当前优化进度: 156/300
当前权重: [2.0, 0.01, 0.1737915965867667, 0.9125233708950048, 1.6163689707354405, 0.7557245565059034, 1.2065355737098948, 2.0, 0.01, 0.01, 0.5737349077744924, 1.5077586340581255, 0.3472845046027346, 0.01]
当前优化进度: 157/300
当前权重: [2.0, 0.01, 0.01, 2.0, 2.0, 0.01, 1.1138153016291508, 2.0, 2.0, 0.01, 2.0, 2.0, 0.01, 0.01]
当前优化进度: 158/300
当前权重: [2.0, 0.01, 0.01, 0.4743019947704345, 1.2566180649269734, 0.8498857776308462, 1.2946455206082008, 2.0, 0.01, 0.01, 0.6328312136570423, 1.455400310886385, 0.5278434728442607, 0.01]
当前优化进度: 159/300
当前权重: [2.0, 0.01, 0.01, 0.45794292192204583, 1.2260526313252968, 0.01, 1.7717469150386416, 1.0707164102197384, 0.01, 0.01, 0.01, 2.0, 0.01, 0.01]
当前优化进度: 160/300
当前权重: [2.0, 0.01, 0.01, 0.5253217346208259, 1.4941879933547144, 0.7426925031281041, 1.119351398949886, 2.0, 0.01, 0.01, 0.5946172401861057, 2.0, 0.5409914924035398, 0.01]
当前优化进度: 161/300
当前权重: [2.0, 0.01, 0.01, 1.0304653812571827, 1.6911368269396412, 0.6379838020149815, 1.1406969012373473, 2.0, 0.01, 0.01, 0.586928469363482, 2.0, 0.404779024719351, 0.01]
当前优化进度: 162/300
当前权重: [2.0, 0.01, 0.01, 0.45634214252223215, 1.2159143557830001, 1.00410743788578, 1.2936716251933522, 2.0, 0.01, 0.01, 0.7756488921877059, 1.419264605406775, 0.6150348399913746, 0.01]
当前优化进度: 163/300
当前权重: [2.0, 0.01, 0.01, 0.6079429700823011, 1.1693555829392976, 0.5134253232641427, 1.3796446467324541, 1.4955335990586294, 0.01, 0.01, 0.1827902749137442, 1.2596570269192804, 0.3455985439239615, 0.01]
当前优化进度: 164/300
当前权重: [2.0, 0.01, 0.01, 0.6278746349999236, 1.1839913222773968, 0.3527895596528268, 1.4321617583053483, 1.4218516798447456, 0.01, 0.01, 0.01, 0.9802184206310725, 0.1892222028408398, 0.01]
当前优化进度: 165/300
当前权重: [2.0, 0.01, 0.01, 0.5334177252849073, 1.1628954396695748, 0.6268932387907463, 1.2290469687522836, 2.0, 0.01, 0.01, 0.36630193696457375, 1.4599109894871307, 0.5380415649423568, 0.01]
当前优化进度: 166/300
当前权重: [2.0, 0.01, 0.01, 0.5137487432162438, 1.1699607637091034, 0.5979743184035894, 1.2105575145531537, 2.0, 0.01, 0.01, 0.3485585591780175, 1.4530702931161077, 0.5535432300705511, 0.01]
当前优化进度: 167/300
当前权重: [2.0, 0.01, 0.01, 0.4594802484024224, 1.0844226592921373, 0.43805456217612004, 1.263271529674339, 2.0, 0.01, 0.01, 0.2746365525072849, 1.3870622813398055, 0.6008317035989874, 0.01]
当前优化进度: 168/300
当前权重: [2.0, 0.01, 0.01, 0.604893458603989, 1.3672663131817295, 0.8651719163449954, 1.106931697181083, 2.0, 0.01, 0.01, 0.4312638296931257, 1.492590999169081, 0.4454511637407526, 0.01]
当前优化进度: 169/300
当前权重: [2.0, 0.01, 0.01, 0.5823033423242819, 1.1584151874044593, 0.644906402794221, 1.3423961029887121, 1.6309282843752764, 0.01, 0.01, 0.41167241875927013, 1.6391568354433896, 0.49571458860377327, 0.01]
当前优化进度: 170/300
当前权重: [2.0, 0.01, 0.01, 0.5730133444107378, 1.1484830007272508, 0.6384871487056838, 1.3518135100137991, 1.6163838271665312, 0.01, 0.01, 0.40967990466610826, 1.6441240052276844, 0.5020023416800196, 0.01]
当前优化进度: 171/300
当前权重: [2.0, 0.01, 0.01, 0.5725768426019385, 1.154567440691048, 0.6492287778217455, 1.3516974734439013, 1.636646242966432, 0.01, 0.01, 0.41122598886470996, 1.6632260819127394, 0.4994757081350189, 0.01]
当前优化进度: 172/300
当前权重: [2.0, 0.01, 0.01, 0.45958279898397053, 1.2320572712791977, 0.7669358812827507, 1.2315677483531788, 2.0, 0.01, 0.01, 0.5702011910699095, 2.0, 0.6104795187687011, 0.01]
当前优化进度: 173/300
当前权重: [2.0, 0.01, 0.01, 0.6376518009961586, 1.1337128074805145, 0.8212141127445423, 1.4475172224933623, 2.0, 0.01, 0.01, 0.4641784587837723, 1.3895979955713387, 0.4274891285913451, 0.01]
当前优化进度: 174/300
当前权重: [2.0, 0.01, 0.01, 0.6359672329689888, 1.303842962692544, 0.5405402783385469, 1.1494916141117308, 1.606655276054075, 0.01, 0.01, 0.3913869170191497, 1.5385281696595372, 0.49299727178251995, 0.01]
当前优化进度: 175/300
当前权重: [2.0, 0.01, 0.01, 0.6098480891321464, 1.3136981374061254, 0.4074087189610511, 1.110662583323742, 1.5216858776941122, 0.01, 0.01, 0.3579895099971422, 1.4232159717791009, 0.5417799599818974, 0.01]
当前优化进度: 176/300
当前权重: [2.0, 0.01, 0.01, 0.5800198783076905, 1.3603331355298092, 0.16194908150555704, 1.0586925804229352, 1.415595842894892, 0.01, 0.01, 0.2792210166478625, 1.2196022960516615, 0.6078805284495353, 0.01]
当前优化进度: 177/300
当前权重: [2.0, 0.01, 0.01, 0.5813277974472788, 1.5610049132725885, 0.01, 0.8724414142874345, 1.2418898293930565, 0.01, 0.01, 0.08739273657855816, 0.7438232675578851, 0.7021601001686463, 0.01]
当前优化进度: 178/300
当前权重: [2.0, 0.01, 0.18424499688138632, 0.5945184140003787, 1.223050940745156, 0.2507720613872266, 1.2897340686347314, 1.463833576049815, 0.01, 0.01, 0.46532247936835464, 1.5383763526651002, 0.5546950082430203, 0.01]
当前优化进度: 179/300
当前权重: [2.0, 0.01, 0.01, 0.5765886855353436, 1.1692623878343507, 0.27733843181559226, 1.2295331280066681, 1.48999242194478, 0.01, 0.01, 0.4727885427550541, 1.524466840385968, 0.5703803834718263, 0.01]
当前优化进度: 180/300
当前权重: [2.0, 0.01, 0.01, 0.6301428051193181, 1.2396802234154625, 0.5119256386180178, 1.1919960546411634, 1.4853642505901483, 0.01, 0.01, 0.4632311621371455, 1.5016882558137081, 0.48848357662320113, 0.01]
当前优化进度: 181/300
当前权重: [2.0, 0.01, 0.01, 0.6268653443014578, 1.2419114801229476, 0.48996986431394013, 1.175653844860616, 1.4970994893808938, 0.01, 0.01, 0.45390853042107104, 1.534377186283748, 0.49836324681462874, 0.01]
当前优化进度: 182/300
当前权重: [2.0, 0.01, 0.01, 0.5359353869641981, 1.1573270862182978, 0.12936056816493033, 1.2768907201606818, 1.5285311144395575, 0.01, 0.01, 0.3703192364624449, 1.5373282957438363, 0.5831399154276125, 0.01]
当前优化进度: 183/300
当前权重: [2.0, 0.01, 0.01, 0.6936777664040099, 1.306515831806981, 0.7179650015429316, 1.1620691000921584, 1.5147028261442455, 0.01, 0.01, 0.4533828606036784, 1.415510753874482, 0.41320972541238044, 0.01]
当前优化进度: 184/300
当前权重: [2.0, 0.01, 0.01, 0.693810998576049, 1.3119467394091087, 0.7391967898054167, 1.16167566004061, 1.493780522636936, 0.01, 0.01, 0.45583317247486405, 1.3925028612758308, 0.4090850917515032, 0.01]
当前优化进度: 185/300
当前权重: [2.0, 0.01, 0.01, 0.6975267295874386, 1.3159838520687064, 0.7355437378662424, 1.148148937425954, 1.5006063491513124, 0.01, 0.01, 0.4511071005151338, 1.4048169735098255, 0.4075615697099026, 0.01]
当前优化进度: 186/300
当前权重: [2.0, 0.01, 0.01, 0.708044477719636, 1.3216494446608895, 0.7291410615595566, 1.1201962792452491, 1.51905754683322, 0.01, 0.01, 0.44471823722564935, 1.42912473536385, 0.4065062856431859, 0.01]
当前优化进度: 187/300
当前权重: [2.0, 0.01, 0.2411935095256559, 0.682196808299437, 1.3453573025027699, 0.5979836872967299, 1.2599415431420942, 1.4616029868211864, 0.01, 0.01, 0.46968513426517106, 1.4376171950447207, 0.4368343387013301, 0.01]
当前优化进度: 188/300
当前权重: [2.0, 0.01, 0.01, 0.7248854256946373, 1.3323010498920291, 0.7378554714179313, 1.0691778973976362, 1.5346695765736007, 0.01, 0.01, 0.438140308141892, 1.4412964023233976, 0.40100232816883746, 0.01]
当前优化进度: 189/300
当前权重: [2.0, 0.01, 0.24481949850812398, 0.6714899501630697, 1.3481406151732247, 0.5910081364696662, 1.2644782485866597, 1.452125570949927, 0.01, 0.01, 0.46050553140927264, 1.4477245400138357, 0.44282916729927285, 0.01]
当前优化进度: 190/300
当前权重: [2.0, 0.01, 0.2725119383147307, 0.6551377982529161, 1.3468661595325964, 0.5719989988504518, 1.3022389288231186, 1.4158610063037878, 0.01, 0.01, 0.45927617736282256, 1.4282350899722847, 0.4508033902523122, 0.01]
当前优化进度: 191/300
当前权重: [2.0, 0.01, 0.2639182384292749, 0.6609681505603469, 1.3547504482681691, 0.5812617277424476, 1.2743466535719212, 1.4341177311475592, 0.01, 0.01, 0.45781103882675817, 1.4487541323245348, 0.4512815065377926, 0.01]
当前优化进度: 192/300
当前权重: [2.0, 0.01, 0.27047207300900533, 0.6215648066765392, 1.3361087569059178, 0.5727320644532036, 1.3484016506703143, 1.3598282968900202, 0.01, 0.01, 0.4417997674203655, 1.4128560350239, 0.46607251951025624, 0.01]
当前优化进度: 193/300
当前权重: [2.0, 0.01, 0.16948477288765784, 0.7440944016907437, 1.379626241201766, 0.6385059771694319, 1.0451180396828197, 1.5798526469056429, 0.01, 0.01, 0.4619648178512486, 1.5119388185639515, 0.4149299305392925, 0.01]
当前优化进度: 194/300
当前权重: [2.0, 0.01, 0.16481951861667904, 0.7340439784368271, 1.385158611518256, 0.6451256214226698, 1.0338636746000105, 1.5831565099241414, 0.01, 0.01, 0.4587902712989504, 1.5332455228118942, 0.4288317880842836, 0.01]
当前优化进度: 195/300
当前权重: [2.0, 0.01, 0.18065456432386964, 0.7283175484111013, 1.3961694099733675, 0.6394272673793975, 1.0084589824161956, 1.5940646030517294, 0.01, 0.01, 0.46500440523085856, 1.537007668013238, 0.438516230981665, 0.01]
当前优化进度: 196/300
当前权重: [2.0, 0.01, 0.19227222626911158, 0.7150878559364151, 1.4076231585172354, 0.6352471233941651, 0.9834521840605962, 1.6042131522628118, 0.01, 0.01, 0.47169256017114247, 1.5453382790850254, 0.45416337590197486, 0.01]
当前优化进度: 197/300
当前权重: [2.0, 0.01, 0.2179713122378784, 0.6976218744855559, 1.4242801200001025, 0.6220480923202503, 0.9427070684647296, 1.6226145969970571, 0.01, 0.01, 0.4915603228514333, 1.535918046642816, 0.4733794971320028, 0.01]
当前优化进度: 198/300
当前权重: [2.0, 0.01, 0.1518758715381307, 0.717416186717762, 1.3938558117732625, 0.662849716491359, 0.9907291459936131, 1.5621122004493158, 0.01, 0.01, 0.4226997885734786, 1.6821753787775273, 0.4949503956020668, 0.01]
当前优化进度: 199/300
当前权重: [2.0, 0.01, 0.15136703787427527, 0.6997019697614026, 1.3967424424654273, 0.6555299605472401, 0.9908515767765419, 1.542002667264991, 0.01, 0.01, 0.417396763404035, 1.753869948111944, 0.5205795757729915, 0.01]
当前优化进度: 200/300
当前权重: [2.0, 0.01, 0.15892002944331718, 0.6913822607288904, 1.3959721715695355, 0.643215498089216, 0.9885131061395499, 1.5113784141367868, 0.01, 0.01, 0.41598637316891096, 1.8658892921582602, 0.5448235107368276, 0.01]
当前优化进度: 201/300
当前权重: [2.0, 0.01, 0.18239692118263276, 0.7827154091307637, 1.4039445636454395, 0.5972203088831992, 0.9931496581757279, 1.5733731700309224, 0.01, 0.01, 0.4580335524973381, 1.3587216827803144, 0.30493708402856673, 0.01]
当前优化进度: 202/300
当前权重: [2.0, 0.01, 0.1658121427523663, 0.775547992457575, 1.4040561840448222, 0.6096150825453373, 0.9850726458453427, 1.5764431807709853, 0.01, 0.01, 0.45408654184202707, 1.3630142992145526, 0.308324257866607, 0.01]
当前优化进度: 203/300
当前权重: [2.0, 0.01, 0.01, 0.7151020529655123, 1.374731290237545, 0.6870494113269526, 0.9133195451037369, 1.5938531016421629, 0.01, 0.01, 0.45023343215852196, 1.3397810912003945, 0.32635713597620514, 0.01]
当前优化进度: 204/300
当前权重: [2.0, 0.01, 1.677201139026486, 0.01, 2.0, 2.0, 2.0, 2.0, 0.01, 0.01, 2.0, 2.0, 2.0, 0.01]
当前优化进度: 205/300
当前权重: [2.0, 0.01, 0.01, 0.6797141106279992, 1.3674952158796487, 0.6919076802712276, 0.8772790498104798, 1.6074974005873532, 0.01, 0.01, 0.488129776558549, 1.2800818939169896, 0.3258733571438886, 0.01]
当前优化进度: 206/300
当前权重: [2.0, 0.01, 0.01, 0.6365909747866088, 1.3388407131406588, 0.6885194767609941, 0.8048064748103843, 1.6228109488869613, 0.01, 0.01, 0.529687444631051, 1.1659940565076792, 0.3052219254274189, 0.01]
当前优化进度: 207/300
当前权重: [2.0, 0.01, 0.01, 0.5873649961566986, 1.3000981821140263, 0.6803316296058552, 0.724212075334014, 1.6584227727315275, 0.01, 0.01, 0.5717598856125388, 1.0409857895094443, 0.2966344052650802, 0.01]
当前优化进度: 208/300
当前权重: [2.0, 0.01, 0.01, 0.7401864316966789, 1.4133675195128366, 0.6622040833037846, 0.8694862359522623, 1.5097763019160009, 0.01, 0.01, 0.4547765732776009, 1.162079142656866, 0.15760757255703953, 0.01]
当前优化进度: 209/300
当前权重: [2.0, 0.01, 0.01, 0.6273001148809462, 1.3439814503938037, 0.7393120681695421, 0.7598015819729572, 1.6860118227496255, 0.01, 0.01, 0.5466951519195489, 1.2432440179195252, 0.43009220884911, 0.01]
当前优化进度: 210/300
当前权重: [2.0, 0.01, 0.01, 0.5349532714975389, 1.3036363822776464, 0.7325590800035736, 0.6033816628064317, 1.8021665897217674, 0.01, 0.01, 0.646314712261882, 1.1159863165415673, 0.5051628006434119, 0.01]
当前优化进度: 211/300
当前权重: [2.0, 0.01, 0.01, 0.37691528374981303, 1.2811658602768208, 0.7216161896023747, 0.4177139003872905, 2.0, 0.01, 0.01, 0.7778616765715387, 0.8993096197765408, 0.5259222826738794, 0.01]
当前优化进度: 212/300
当前权重: [2.0, 0.01, 0.01, 0.7367970651490144, 1.359573403046173, 0.8974599555871474, 0.7682978956330984, 1.611325380657712, 0.01, 0.01, 0.4629320826868619, 1.242841460211543, 0.4145751980690457, 0.01]
当前优化进度: 213/300
当前权重: [2.0, 0.01, 0.01, 0.7387503651039241, 1.363494273554424, 0.876404930739601, 0.7649434664649221, 1.6265905621382737, 0.01, 0.01, 0.44736207044712023, 1.2588670272940747, 0.40989367434355073, 0.01]
当前优化进度: 214/300
当前权重: [2.0, 0.01, 0.01, 0.6522040742615441, 1.4657130065000399, 0.7835501793128157, 0.8084103674293591, 1.5751567007983285, 0.01, 0.01, 0.6230509234008099, 1.2665970286318162, 0.4007878701903383, 0.01]
当前优化进度: 215/300
当前权重: [2.0, 0.01, 0.01, 0.7184759942731022, 1.3654398792485678, 0.7267552245603711, 0.7620771434060434, 1.6852728575283, 0.01, 0.01, 0.3898671619598291, 1.3021945035652664, 0.3631329365429271, 0.01]
当前优化进度: 216/300
当前权重: [2.0, 0.01, 0.01, 0.6872751224399594, 1.4109820135082498, 0.7097460749652156, 0.7682803970132248, 1.6991420983678671, 0.01, 0.01, 0.3815872852187251, 1.3010362194006562, 0.3465814325931446, 0.01]
当前优化进度: 217/300
当前权重: [2.0, 0.01, 0.01, 0.7588983593859475, 1.2684910250779, 0.7216587361922722, 0.7473890905881327, 1.6565825026559322, 0.01, 0.01, 0.42566887648514146, 1.3118818225840483, 0.41488964333489375, 0.01]
当前优化进度: 218/300
当前权重: [2.0, 0.01, 0.01, 0.6554219369886229, 1.4385106463015405, 0.683235922212348, 0.7746984883148084, 1.7048830697029873, 0.01, 0.01, 0.3954700730786412, 1.3173456354568107, 0.35255985995293604, 0.01]
当前优化进度: 219/300
当前权重: [2.0, 0.01, 0.01, 0.5978988909034799, 1.4531547358391, 0.7382459242269456, 0.8012046562137178, 1.6883764382091113, 0.01, 0.01, 0.3946994761105407, 1.3124247895064631, 0.38287496712985586, 0.01]
当前优化进度: 220/300
当前权重: [2.0, 0.01, 0.01, 0.7872863034203033, 1.2041861843614563, 0.6824983391336077, 0.7586203601623969, 1.59463692745715, 0.01, 0.01, 0.5096521748120283, 1.2612252428201212, 0.41795992244515906, 0.01]
当前优化进度: 221/300
当前权重: [2.0, 0.01, 0.01, 0.79278525244675, 1.1474776841821757, 0.6922918887322423, 0.74587130009207, 1.578136796874987, 0.01, 0.01, 0.5047186836559109, 1.224269154379781, 0.43318793346370427, 0.01]
当前优化进度: 222/300
当前权重: [2.0, 0.01, 0.01, 0.7907410897787445, 1.135853720513095, 0.6890070893098423, 0.7445450849044569, 1.5753158027005607, 0.01, 0.01, 0.5024692834446584, 1.2160219032202297, 0.43574930179525084, 0.01]
当前优化进度: 223/300
当前权重: [2.0, 0.01, 0.01, 0.8334919030253827, 1.2197989742749793, 0.6108166036278276, 0.7260531032305629, 1.592875967799466, 0.01, 0.01, 0.536637169604518, 1.2801049781407887, 0.4212664239464489, 0.01]
当前优化进度: 224/300
当前权重: [2.0, 0.01, 0.01, 0.7040389449710649, 1.1013497335901472, 0.7793583856899887, 0.785778319333994, 1.5413800195072511, 0.01, 0.01, 0.4720872492951388, 1.107908478822057, 0.4242472047613349, 0.01]
当前优化进度: 225/300
当前权重: [2.0, 0.01, 0.01, 0.8358237116288727, 1.3976506258206627, 0.5619281512869994, 0.7336194854677287, 1.6271876067324407, 0.01, 0.01, 0.5687211466766018, 1.3276906645478093, 0.3728730031896389, 0.01]
当前优化进度: 226/300
当前权重: [2.0, 0.01, 0.01, 0.825596095412127, 1.3793559747469746, 0.5603861078993445, 0.7344216630943069, 1.6400841194997842, 0.01, 0.01, 0.5513120502316532, 1.3428684968114917, 0.38374175082727835, 0.01]
当前优化进度: 227/300
当前权重: [2.0, 0.01, 0.01, 0.8457890895678364, 1.405233875449485, 0.526682270459064, 0.7209354509703022, 1.6328237369835665, 0.01, 0.01, 0.5610669870960845, 1.3220708244552684, 0.3657588301168761, 0.01]
当前优化进度: 228/300
当前权重: [2.0, 0.01, 0.01, 0.853085055281555, 1.4131027170951747, 0.49109416959434243, 0.7150744110678053, 1.627636449875262, 0.01, 0.01, 0.5519090972172955, 1.2994001092546723, 0.33854947151537185, 0.01]
当前优化进度: 229/300
当前权重: [2.0, 0.01, 0.01, 0.8473539979408706, 1.398133389488088, 0.43556401194504324, 0.7143619412822366, 1.6159195913518911, 0.01, 0.01, 0.5213165792113099, 1.2609300809323574, 0.28452074843851555, 0.01]
当前优化进度: 230/300
当前权重: [2.0, 0.01, 0.01, 0.8554261818921256, 1.4013571491117127, 0.38792268077047054, 0.7039538015735739, 1.5907595104787353, 0.01, 0.01, 0.5047758797791849, 1.2062120984192097, 0.21157272289081797, 0.01]
当前优化进度: 231/300
当前权重: [2.0, 0.01, 0.01, 2.0, 2.0, 0.01, 2.0, 2.0, 0.01, 2.0, 0.01, 0.01, 0.01, 0.01]
当前优化进度: 232/300
当前权重: [2.0, 0.01, 0.01, 0.8826001926646391, 1.416546821670384, 0.42338898169376965, 0.6952945389423695, 1.541777438433743, 0.01, 0.01, 0.510512224718599, 1.1851685585719327, 0.1667127746122036, 0.01]
当前优化进度: 233/300
当前权重: [2.0, 0.01, 0.01, 0.8263283132045807, 1.3674949102171543, 0.35012514179769744, 0.6631322329782892, 1.689266436714301, 0.01, 0.01, 0.485164942154626, 1.2598198496494903, 0.33219057399126795, 0.01]
当前优化进度: 234/300
当前权重: [2.0, 0.01, 2.0, 0.01, 2.0, 0.01, 2.0, 2.0, 0.01, 0.01, 2.0, 0.01, 0.01, 0.01]
当前优化进度: 235/300
当前权重: [2.0, 0.01, 0.01, 0.8241194768145425, 1.3673981198309864, 0.26993038355031046, 0.6212623776548056, 1.7369542468280579, 0.01, 0.01, 0.46090420583118946, 1.1847533693768562, 0.30237495476592025, 0.01]
当前优化进度: 236/300
当前权重: [2.0, 0.01, 0.01, 0.8236040279994487, 1.3910108080828698, 0.13420390627027437, 0.5432292090103764, 1.8089819552976238, 0.01, 0.01, 0.4282196844371425, 1.0314378539290625, 0.18200784465610462, 0.01]
当前优化进度: 237/300
当前权重: [2.0, 0.01, 0.01, 0.811686036869519, 1.3528118233809747, 0.22377706845117457, 0.5397928992429217, 1.7792088067909355, 0.01, 0.01, 0.48288307980901457, 1.3012827565985288, 0.40308552778012025, 0.01]
当前优化进度: 238/300
当前权重: [2.0, 0.01, 0.01, 0.9236828851637864, 1.5543658001312894, 0.34771577672845977, 0.5652846990933584, 1.8335960481445837, 0.01, 0.01, 0.5080963748738885, 1.1589218112198443, 0.30484699703436263, 0.01]
当前优化进度: 239/300
当前权重: [2.0, 0.01, 0.01, 0.7451737094295271, 1.2098915352892534, 0.13412579800747448, 0.6434220105686722, 1.6236174866842517, 0.01, 0.01, 0.4692929414724905, 1.1478504930364428, 0.23130105037852303, 0.01]
当前优化进度: 240/300
当前权重: [2.0, 0.01, 0.01, 0.5828001042072704, 0.7080602136017692, 0.01, 0.35033249840156877, 2.0, 0.01, 0.01, 0.3499566350960051, 1.0403280113043611, 0.01, 0.01]
当前优化进度: 241/300
当前权重: [2.0, 0.01, 0.01, 0.7589499940128717, 1.331304757563403, 0.14436746792825916, 0.6101258306269977, 1.569278612631566, 0.01, 0.01, 0.5476272597679904, 1.2754687435138077, 0.3204012897881134, 0.01]
当前优化进度: 242/300
当前权重: [2.0, 0.01, 0.01, 0.7507506084969144, 1.3398545243413125, 0.07128170199741415, 0.5678789460827891, 1.541765658011929, 0.01, 0.01, 0.5745903224190255, 1.2641710582269416, 0.31638856922957287, 0.01]
当前优化进度: 243/300
当前权重: [2.0, 0.01, 0.01, 0.8978578312175777, 1.29242922620451, 0.3059788494647017, 0.7192658914822387, 1.6039880130998236, 0.01, 0.01, 0.38163284090809596, 1.1917190747636097, 0.24517740984182337, 0.01]
当前优化进度: 244/300
当前权重: [2.0, 0.01, 0.01, 0.9193372778334217, 1.2956662946957909, 0.2964776657779533, 0.7211924340715113, 1.5710944649202119, 0.01, 0.01, 0.36378894054408567, 1.1795319219048763, 0.1905096757187381, 0.01]
当前优化进度: 245/300
当前权重: [2.0, 0.01, 0.01, 0.8580276721982393, 1.279295437055886, 0.23898508832220755, 0.7427769289492451, 1.6835090429768744, 0.01, 0.01, 0.43473097875660155, 1.1123229488159032, 0.3703470051197793, 0.01]
当前优化进度: 246/300
当前权重: [2.0, 0.01, 0.01, 0.8764922033263294, 1.2740576120925875, 0.339585861635074, 0.6679648013443393, 1.6604485883344218, 0.01, 0.01, 0.37139536154436864, 1.3074041561499528, 0.33762794826902637, 0.01]
当前优化进度: 247/300
当前权重: [2.0, 0.01, 0.01, 0.8124763221220096, 1.3164983481196444, 0.19530520393923154, 0.7721816910748229, 1.6414294943682675, 0.01, 0.01, 0.4770679901132787, 1.0138103048633857, 0.26669205183904526, 0.01]
当前优化进度: 248/300
当前权重: [2.0, 0.01, 0.01, 0.8154054745233686, 1.3157950758229504, 0.16712848222613802, 0.7680446292028038, 1.6334163721009995, 0.01, 0.01, 0.4831157625010525, 0.9307944118863074, 0.2500970717647226, 0.01]
当前优化进度: 249/300
当前权重: [2.0, 0.01, 0.01, 0.8193403061885063, 1.2975502024316596, 0.21606504244026273, 0.7541254696043194, 1.6842133735162061, 0.01, 0.01, 0.47674054440950003, 0.9996742484054612, 0.3637187721489263, 0.01]
当前优化进度: 250/300
当前权重: [2.0, 0.01, 0.01, 0.886709115752879, 1.3431135216382617, 0.25097657718660216, 0.7151409582979293, 1.5308656384493373, 0.01, 0.01, 0.4006483584306314, 1.0518662645197454, 0.05100820806318969, 0.01]
当前优化进度: 251/300
当前权重: [2.0, 0.01, 0.01, 0.7514029744018136, 1.3208046022683628, 0.2402516529979363, 0.7479638716037533, 1.6777681048945592, 0.01, 0.01, 0.4184557035703363, 1.1774273272866855, 0.2938427187395367, 0.01]
当前优化进度: 252/300
当前权重: [2.0, 0.01, 0.20256921205410694, 0.8391006494250848, 1.3333682285634643, 0.27193094065567847, 0.7103959224853776, 1.6277078196858463, 0.01, 0.01, 0.47373407295903885, 1.1374255145497592, 0.28793516486029147, 0.01]
当前优化进度: 253/300
当前权重: [2.0, 0.01, 0.01, 0.7459372351597547, 1.3208764731849367, 0.26146694340838633, 0.7367832399677073, 1.674762334276578, 0.01, 0.01, 0.4092590057157705, 1.2548840375956867, 0.293222943014876, 0.01]
当前优化进度: 254/300
当前权重: [2.0, 0.01, 0.01, 0.7291497419987543, 1.3245360335855276, 0.24499721654969456, 0.7459632604791471, 1.6849478117298788, 0.01, 0.01, 0.4120041046507366, 1.2431544641046597, 0.29323878388806235, 0.01]
当前优化进度: 255/300
当前权重: [2.0, 0.01, 0.01, 0.7247038920242331, 1.322185896442261, 0.24090330117824513, 0.7518539605004052, 1.6936484489030204, 0.01, 0.01, 0.4187025277509494, 1.2349870094770643, 0.3013237032397581, 0.01]
当前优化进度: 256/300
当前权重: [2.0, 0.01, 0.01, 0.7921710104280594, 1.2936717326566471, 0.2690031180230533, 0.7403518559519732, 1.7190090412478543, 0.01, 0.01, 0.42688311784371047, 1.2076371342318297, 0.3958592081576978, 0.01]
当前优化进度: 257/300
当前权重: [2.0, 0.01, 0.01, 0.7786987364360478, 1.2910608356892581, 0.25126376689665053, 0.750372655638195, 1.7346672156004173, 0.01, 0.01, 0.44688940048918285, 1.2004942877365345, 0.4096357383624548, 0.01]
当前优化进度: 258/300
当前权重: [2.0, 0.01, 0.01, 0.7502659819027303, 1.2749325648651504, 0.19643699448859045, 0.7714678223809893, 1.7896794538196403, 0.01, 0.01, 0.5290507815523864, 1.1794065819363724, 0.38927433841533643, 0.01]
当前优化进度: 259/300
当前权重: [2.0, 0.5674539635149964, 0.01, 0.7305642092490202, 1.2722508161476944, 0.27078728903355576, 0.7398289146532208, 1.7410325042419157, 0.01, 0.01, 0.4599282346630139, 1.1726793825713755, 0.3722233088756048, 0.01]
当前优化进度: 260/300
当前权重: [2.0, 0.01, 0.01, 0.784682886731771, 1.279948801786942, 0.2520717823131646, 0.7209488450683573, 1.7214735304922535, 0.8377343321801015, 0.01, 0.46577317105252813, 1.1512012560750493, 0.32314855624735717, 0.01]
当前优化进度: 261/300
当前权重: [2.0, 0.01, 0.01, 2.0, 2.0, 0.01, 0.01, 2.0, 2.0, 0.01, 2.0, 0.01, 0.01, 0.01]
当前优化进度: 262/300
当前权重: [2.0, 0.01, 0.01, 0.9443823331680481, 1.2792475632585354, 0.01, 0.8165134072951845, 2.0, 0.01, 0.01, 0.6990512284568492, 1.0910306301138566, 0.01, 0.01]
当前优化进度: 263/300
当前权重: [2.0, 0.01, 0.01, 0.7994167335524177, 1.286417054088069, 0.29524370660183746, 0.7227466219332578, 1.7284459054110486, 0.01, 0.01, 0.3311549861016562, 1.239209564870697, 0.3908277509512142, 0.01]
当前优化进度: 264/300
当前权重: [2.0, 0.01, 0.01, 0.7786629085783581, 1.2899337900266352, 0.29660331977633303, 0.729540109947148, 1.7270835861328635, 0.01, 0.01, 0.3713110276220842, 1.2390178190917402, 0.4023288532255196, 0.01]
当前优化进度: 265/300
当前权重: [2.0, 0.01, 0.01, 0.7535792527439217, 1.3057908928248334, 0.2733594702708519, 0.7466387259556738, 1.6940144685278886, 0.01, 0.01, 0.35040660088565273, 1.2594689995502575, 0.33147336406643074, 0.01]
当前优化进度: 266/300
当前权重: [2.0, 2.0, 0.01, 2.0, 2.0, 2.0, 2.0, 2.0, 2.0, 0.01, 0.01, 2.0, 0.01, 0.01]
当前优化进度: 267/300
当前权重: [2.0, 0.01, 0.01, 0.7762572450253832, 1.3113499485782931, 0.2955290964656007, 0.755297257268277, 1.7193092381528376, 0.01, 0.01, 0.44833251414482966, 1.1899504544205233, 0.48856666409946314, 0.01]
当前优化进度: 268/300
当前权重: [2.0, 0.01, 0.01, 0.6936500945923632, 1.3187616573453005, 0.26409090664572593, 0.751565415236989, 1.7063763291246372, 0.01, 0.01, 0.448572699591542, 1.2064233357856489, 0.44575889145675296, 0.01]
当前优化进度: 269/300
当前权重: [2.0, 0.01, 0.01, 0.7763609184026887, 1.3213216012367586, 0.30616655606492704, 0.763487806829479, 1.705067017229707, 0.01, 0.01, 0.4487894351690896, 1.191202592550636, 0.5054854619144509, 0.01]
当前优化进度: 270/300
当前权重: [2.0, 0.01, 0.01, 0.7581004738767296, 1.3025624953000539, 0.2926498045099924, 0.7544468767621233, 1.6714511334868818, 0.01, 0.20373286429608234, 0.4099786759866225, 1.196112845483141, 0.3860578039168701, 0.01]
当前优化进度: 271/300
当前权重: [2.0, 0.01, 0.01, 0.7295901667914487, 1.2760144222012741, 0.21765038370673087, 0.7303077624694637, 1.6441981123680478, 0.01, 0.7167051968577856, 0.29390428788348183, 1.1269914174161435, 0.35525422322603106, 0.01]
当前优化进度: 272/300
当前权重: [2.0, 0.01, 0.01, 0.6483097701047109, 1.3169036136545076, 0.23600151349182696, 0.7663492273407642, 1.685303102461042, 0.01, 0.01, 0.4308932850638012, 1.205841861318696, 0.3922929110773028, 0.01]
当前优化进度: 273/300
当前权重: [2.0, 0.01, 0.01, 0.6002032832324897, 1.3162303655712253, 0.218335393839274, 0.7615827015707818, 1.6723071389175976, 0.01, 0.01, 0.4122045350939447, 1.1934800690062861, 0.38462877682456315, 0.01]
当前优化进度: 274/300
当前权重: [2.0, 0.01, 0.01, 0.5063125475088113, 1.3102113978627326, 0.18337542591545197, 0.7443737551762895, 1.6398420828348912, 0.01, 0.01, 0.31689179307885446, 1.169592874934617, 0.3625177862977109, 0.01]
当前优化进度: 275/300
当前权重: [2.0, 0.01, 0.01, 0.01, 2.0, 2.0, 2.0, 2.0, 0.01, 2.0, 2.0, 0.01, 2.0, 0.01]
当前优化进度: 276/300
当前权重: [2.0, 0.01, 0.01, 0.01, 0.01, 0.01, 2.0, 2.0, 2.0, 0.01, 0.01, 0.01, 0.01, 0.01]
当前优化进度: 277/300
当前权重: [2.0, 0.01, 0.01, 0.37312655306900927, 1.2998635575322472, 0.10804520759029337, 0.724079072749727, 1.6149126863540146, 0.01, 0.01, 0.18299155554375146, 1.1301763747953912, 0.3185886243801986, 0.01]
当前优化进度: 278/300
当前权重: [2.0, 0.01, 2.0, 2.0, 2.0, 2.0, 1.9028130263126584, 2.0, 2.0, 0.01, 2.0, 2.0, 0.01, 0.01]
当前优化进度: 279/300
当前权重: [2.0, 0.01, 0.01, 0.6696930833570134, 1.3174659398953905, 0.2352181636364973, 0.7578048042867933, 1.7264581101759446, 0.01, 0.01, 0.4857894075286899, 1.1814559108482277, 0.478774797423177, 0.01]
当前优化进度: 280/300
当前权重: [2.0, 0.01, 0.01, 0.6576314280295557, 1.3174928180526528, 0.22728286386094768, 0.7535096190921102, 1.7369175374652865, 0.01, 0.01, 0.49730591346884184, 1.17490134268863, 0.5116738086145224, 0.01]
当前优化进度: 281/300
当前权重: [2.0, 2.0, 0.01, 2.0, 0.01, 2.0, 2.0, 2.0, 2.0, 2.0, 0.01, 2.0, 0.01, 0.01]
当前优化进度: 282/300
当前权重: [2.0, 0.01, 0.2749465442983947, 0.48469151192002724, 1.1527813636601123, 0.01, 2.0, 0.976236763249344, 0.01, 0.01, 0.15622409940722057, 1.2012586291941985, 0.12600761404870348, 1.958224018968217]
当前优化进度: 283/300
当前权重: [2.0, 0.01, 0.01, 2.0, 0.01, 2.0, 2.0, 2.0, 2.0, 0.01, 2.0, 2.0, 0.01, 2.0]
当前优化进度: 284/300
当前权重: [2.0, 0.01, 0.01, 0.6454122305843422, 1.3257914375579432, 0.19496298431502337, 0.7422811699028503, 1.7490924516480282, 0.01, 0.01, 0.5082637561827685, 1.169830729543119, 0.5539577129094008, 0.01]
当前优化进度: 285/300
当前权重: [2.0, 0.01, 0.01, 0.668002941729353, 1.3411177818133513, 0.22453859462589074, 0.7775344350119824, 1.7154822059883867, 0.01, 0.01, 0.4847095780789485, 1.1655411473913084, 0.45797669990925044, 0.01]
当前优化进度: 286/300
当前权重: [2.0, 0.01, 0.01, 0.6698047963374998, 1.3117910747526769, 0.2383209605169064, 0.7650989991432297, 1.7113866253541534, 0.01, 0.01, 0.4853473019181782, 1.1855730007869445, 0.4591574506783942, 0.01]
当前优化进度: 287/300
当前权重: [2.0, 0.01, 0.01, 0.6674321871099758, 1.3010161844547534, 0.24568046589187606, 0.7650221667843496, 1.7078955602276213, 0.01, 0.01, 0.4906694104991408, 1.1814515576006919, 0.4695360448634527, 0.01]
当前优化进度: 288/300
当前权重: [2.0, 0.01, 0.01, 0.6671905128356497, 1.2971680801716008, 0.2547187819644678, 0.7670749783148999, 1.7049953030886387, 0.01, 0.01, 0.4933794013430625, 1.1750148936987588, 0.48057914384518113, 0.01]
当前优化进度: 289/300
当前权重: [2.0, 0.01, 0.01, 0.6649733069029137, 1.2870444454077117, 0.2640191593249801, 0.7590339165478278, 1.704016750432049, 0.01, 0.01, 0.4998878494436817, 1.1743153818574115, 0.5074930293232167, 0.01]
当前优化进度: 290/300
当前权重: [2.0, 0.01, 0.01, 0.6557715509609497, 1.2698781577286944, 0.25987734474817636, 0.7416374315536386, 1.7088753791149367, 0.01, 0.01, 0.5161141612841099, 1.1756273203950482, 0.5539707778458598, 0.01]
当前优化进度: 291/300
当前权重: [2.0, 0.01, 0.01, 0.6431316451926138, 1.2511096977727705, 0.24977284130398972, 0.7209783597546645, 1.7176569867557352, 0.01, 0.01, 0.5361129315309141, 1.1771428751715551, 0.6105480312430863, 0.01]
当前优化进度: 292/300
当前权重: [2.0, 0.01, 0.01, 0.6530216976249251, 1.2790195985250856, 0.2656522715897104, 0.7614735881147543, 1.6946181088106869, 0.01, 0.01, 0.524646259932513, 1.159397232865718, 0.5584145193600747, 0.01]
当前优化进度: 293/300
当前权重: [2.0, 0.01, 0.01, 0.6491373723303473, 1.2792765933431056, 0.2754179356513905, 0.7590324805566547, 1.6881249173618278, 0.01, 0.01, 0.535396380239644, 1.1571635159591849, 0.592514544819185, 0.01]
当前优化进度: 294/300
当前权重: [2.0, 0.01, 0.01, 0.649049452239915, 1.2858328976635272, 0.29391041721311795, 0.7590921121710783, 1.680078221053211, 0.01, 0.01, 0.5365481935046196, 1.1596016621837344, 0.6154470880813389, 0.01]
当前优化进度: 295/300
当前权重: [2.0, 0.01, 0.9816760308116513, 1.617266448857914, 2.0, 0.8852885463088432, 1.0548082906396794, 2.0, 0.01, 0.01, 0.7174114622164939, 2.0, 0.01, 0.01]
当前优化进度: 296/300
当前权重: [2.0, 0.01, 0.01, 0.6704888934763225, 1.2942010187345727, 0.31816400376389253, 0.7737280654056446, 1.7174798170565038, 0.01, 0.01, 0.4993776558317593, 1.140270220321698, 0.6015747335204387, 0.01]
当前优化进度: 297/300
当前权重: [2.0, 0.01, 0.01, 0.6211313529848734, 1.2626627134995718, 0.2597262772418353, 0.7607990297997576, 1.6518812656868855, 0.01, 0.01, 0.5532623028844964, 1.1683292273895591, 0.5008614513250961, 0.01]
当前优化进度: 298/300
当前权重: [2.0, 0.01, 0.01, 0.6086391262821746, 1.2565370669107632, 0.2576064925428435, 0.7613136457171396, 1.635258824385493, 0.01, 0.01, 0.5717940493117502, 1.163669355744899, 0.502325033261471, 0.01]
当前优化进度: 299/300
当前权重: [2.0, 0.01, 0.01, 0.6037756583208378, 1.2574251305640078, 0.2637290427593022, 0.7621886805329832, 1.6214049163501831, 0.01, 0.01, 0.5802163911793572, 1.1617814156346995, 0.503127506876713, 0.01]
当前优化进度: 300/300
最优权重: [2.0, 0.01, 0.01, 0.6649733069029137, 1.2870444454077117, 0.2640191593249801, 0.7590339165478278, 1.704016750432049, 0.01, 0.01, 0.4998878494436817, 1.1743153818574115, 0.5074930293232167, 0.01]最优得分已保存到 pred.npy